#! /c/Source/iverilog-install/bin/vvp
:ivl_version "12.0 (devel)" "(s20150603-1110-g18392a46)";
:ivl_delay_selection "TYPICAL";
:vpi_time_precision - 9;
:vpi_module "E:\Verilog\iverilog\lib\ivl\system.vpi";
:vpi_module "E:\Verilog\iverilog\lib\ivl\vhdl_sys.vpi";
:vpi_module "E:\Verilog\iverilog\lib\ivl\vhdl_textio.vpi";
:vpi_module "E:\Verilog\iverilog\lib\ivl\v2005_math.vpi";
:vpi_module "E:\Verilog\iverilog\lib\ivl\va_math.vpi";
S_000001bb36f6e4d0 .scope module, "first_tb" "first_tb" 2 4;
 .timescale -9 -9;
v000001bb36e72b80_0 .var "A", 0 0;
v000001bb36f6ba20_0 .net "B", 0 0, L_000001bb36e72f30;  1 drivers
S_000001bb36ea50d0 .scope module, "uut" "first" 2 9, 3 1 0, S_000001bb36f6e4d0;
 .timescale -9 -9;
    .port_info 0 /INPUT 1 "A";
    .port_info 1 /OUTPUT 1 "B";
L_000001bb36e72f30 .functor BUFZ 1, v000001bb36e72b80_0, C4<0>, C4<0>, C4<0>;
v000001bb36e73090_0 .net "A", 0 0, v000001bb36e72b80_0;  1 drivers
v000001bb36f6ef00_0 .net "B", 0 0, L_000001bb36e72f30;  alias, 1 drivers
    .scope S_000001bb36f6e4d0;
T_0 ;
    %vpi_call 2 12 "$dumpfile", "first_tb.vcd" {0 0 0};
    %vpi_call 2 13 "$dumpvars", 32'sb00000000000000000000000000000000, S_000001bb36f6e4d0 {0 0 0};
    %pushi/vec4 0, 0, 1;
    %store/vec4 v000001bb36e72b80_0, 0, 1;
    %delay 20, 0;
    %pushi/vec4 1, 0, 1;
    %store/vec4 v000001bb36e72b80_0, 0, 1;
    %delay 20, 0;
    %pushi/vec4 0, 0, 1;
    %store/vec4 v000001bb36e72b80_0, 0, 1;
    %delay 20, 0;
    %pushi/vec4 1, 0, 1;
    %store/vec4 v000001bb36e72b80_0, 0, 1;
    %delay 20, 0;
    %pushi/vec4 0, 0, 1;
    %store/vec4 v000001bb36e72b80_0, 0, 1;
    %delay 20, 0;
    %pushi/vec4 1, 0, 1;
    %store/vec4 v000001bb36e72b80_0, 0, 1;
    %delay 20, 0;
    %pushi/vec4 0, 0, 1;
    %store/vec4 v000001bb36e72b80_0, 0, 1;
    %delay 20, 0;
    %vpi_call 2 36 "$display", "Test Completed" {0 0 0};
    %end;
    .thread T_0;
# The file index is used to find the file name in the following table.
:file_names 4;
    "N/A";
    "<interactive>";
    "first_tb.v";
    "./../src/first.v";
